<?xml version="1.0" encoding="UTF-8"?>
<!-- Generated by org.testng.reporters.JUnitReportReporter -->
<testsuite hostname="ALI" failures="0" tests="2" name="com.kdd.runner.TestExecutor" time="61.217" errors="0" timestamp="29 Apr 2022 04:16:06 GMT" skipped="0">
  <testcase classname="com.kdd.runner.TestExecutor" name="testCasesExecutor" time="19.511"/>
  <testcase classname="com.kdd.runner.TestExecutor" name="testCasesExecutor" time="41.706"/>
</testsuite> <!-- com.kdd.runner.TestExecutor -->
