<?xml version="1.0" encoding="UTF-8"?>
<!-- Generated by org.testng.reporters.JUnitReportReporter -->
<testsuite hostname="ALI" failures="0" tests="1" name="com.kdd.runner.TestExecutor" time="81.680" errors="0" timestamp="21 Apr 2022 19:02:16 GMT" skipped="0">
  <testcase classname="com.kdd.runner.TestExecutor" name="testCasesExecutor" time="81.680"/>
</testsuite> <!-- com.kdd.runner.TestExecutor -->
